{
  "stats": {
    "suites": 1,
    "tests": 1,
    "passes": 1,
    "pending": 0,
    "failures": 0,
    "start": "2022-01-17T21:28:32.905Z",
    "end": "2022-01-17T21:29:45.577Z",
    "duration": 72672,
    "testsRegistered": 1,
    "passPercent": 100,
    "pendingPercent": 0,
    "other": 0,
    "hasOther": false,
    "skipped": 0,
    "hasSkipped": false
  },
  "results": [
    {
      "uuid": "4c3a4453-10e4-4e1e-985c-993616e12b3f",
      "title": "",
      "fullFile": "cypress/integration/com.techproed/day01_login_test.js",
      "file": "cypress/integration/com.techproed/day01_login_test.js",
      "beforeHooks": [],
      "afterHooks": [],
      "tests": [],
      "suites": [
        {
          "uuid": "7d57ea1d-1bba-4d69-b73e-57c651928b41",
          "title": "Crystal Key Hotel",
          "fullFile": "",
          "file": "",
          "beforeHooks": [],
          "afterHooks": [],
          "tests": [
            {
              "title": "Test 1",
              "fullTitle": "Crystal Key Hotel Test 1",
              "timedOut": null,
              "duration": 66939,
              "state": "passed",
              "speed": "slow",
              "pass": true,
              "fail": false,
              "pending": false,
              "context": null,
              "code": "cy.visit(\"https://qa-environment.koalaresorthotels.com/\"); // login\n// 1. yol\ncy.get(\"#navLogon > .nav-link\").click(); // 2. yol\n//cy.contains(\"Log in\").click();\n// contains() metni text olarak buluyor\n//username: 'Manager'\ncy.get(\"#UserName\").type(\"Manager\"); //driver.findElement(BycssLocator(\"#UserName\")).sendKeys(\"manager\");\n//password: 'Manager1!'\ncy.get(\"#Password\").type(\"Manager1!\");\ncy.get(\"#btnSubmit\").click();",
              "err": {},
              "uuid": "80c57c07-b458-4aea-823e-15c37f94ac9f",
              "parentUUID": "7d57ea1d-1bba-4d69-b73e-57c651928b41",
              "isHook": false,
              "skipped": false
            }
          ],
          "suites": [],
          "passes": [
            "80c57c07-b458-4aea-823e-15c37f94ac9f"
          ],
          "failures": [],
          "pending": [],
          "skipped": [],
          "duration": 66939,
          "root": false,
          "rootEmpty": false,
          "_timeout": 2000
        }
      ],
      "passes": [],
      "failures": [],
      "pending": [],
      "skipped": [],
      "duration": 0,
      "root": true,
      "rootEmpty": true,
      "_timeout": 2000
    }
  ],
  "meta": {
    "mocha": {
      "version": "7.0.1"
    },
    "mochawesome": {
      "options": {
        "quiet": false,
        "reportFilename": "report",
        "saveHtml": true,
        "saveJson": true,
        "consoleReporter": "spec",
        "useInlineDiffs": false,
        "code": true
      },
      "version": "7.0.1"
    },
    "marge": {
      "options": {
        "reportDir": "cypress/reports",
        "reportFilename": "report",
        "overwrite": false,
        "html": true,
        "json": true,
        "charts": true
      },
      "version": "6.0.1"
    }
  }
}