{
  "stats": {
    "suites": 1,
    "tests": 1,
    "passes": 1,
    "pending": 0,
    "failures": 0,
    "start": "2022-01-18T14:28:43.378Z",
    "end": "2022-01-18T14:28:54.468Z",
    "duration": 11090,
    "testsRegistered": 1,
    "passPercent": 100,
    "pendingPercent": 0,
    "other": 0,
    "hasOther": false,
    "skipped": 0,
    "hasSkipped": false
  },
  "results": [
    {
      "uuid": "c0ed4d11-f3f5-4de2-b3f9-f9d2e07c9cab",
      "title": "",
      "fullFile": "cypress/integration/smoke-test/day07_paylinn_login.js",
      "file": "cypress/integration/smoke-test/day07_paylinn_login.js",
      "beforeHooks": [],
      "afterHooks": [],
      "tests": [],
      "suites": [
        {
          "uuid": "11a936e9-e1f3-448b-ba05-ad2c53fc479c",
          "title": "Paylinn Bank",
          "fullFile": "",
          "file": "",
          "beforeHooks": [],
          "afterHooks": [],
          "tests": [
            {
              "title": "paylinn login test",
              "fullTitle": "Paylinn Bank paylinn login test",
              "timedOut": null,
              "duration": 8906,
              "state": "passed",
              "speed": "medium",
              "pass": true,
              "fail": false,
              "pending": false,
              "context": null,
              "code": "cy.visit('https://www.paylinn.com/'); // Sign In'e click\ncy.contains('Sign In').click();\ncy.get(':nth-child(1) > .MuiFormControl-root > .MuiInputBase-root > .MuiInputBase-input').type('User');\ncy.get(':nth-child(2) > .MuiFormControl-root > .MuiInputBase-root > .MuiInputBase-input').type('user');\ncy.get('.MuiButton-label').click(); // giris yapildigini onayla\ncy.get('.header__nav > :nth-child(1) > .header__lineOne').should('contain.text', 'Welcome');",
              "err": {},
              "uuid": "484d3b9b-6946-4bc3-b2fe-b2432793d31f",
              "parentUUID": "11a936e9-e1f3-448b-ba05-ad2c53fc479c",
              "isHook": false,
              "skipped": false
            }
          ],
          "suites": [],
          "passes": [
            "484d3b9b-6946-4bc3-b2fe-b2432793d31f"
          ],
          "failures": [],
          "pending": [],
          "skipped": [],
          "duration": 8906,
          "root": false,
          "rootEmpty": false,
          "_timeout": 2000
        }
      ],
      "passes": [],
      "failures": [],
      "pending": [],
      "skipped": [],
      "duration": 0,
      "root": true,
      "rootEmpty": true,
      "_timeout": 2000
    }
  ],
  "meta": {
    "mocha": {
      "version": "7.0.1"
    },
    "mochawesome": {
      "options": {
        "quiet": false,
        "reportFilename": "report",
        "saveHtml": true,
        "saveJson": true,
        "consoleReporter": "spec",
        "useInlineDiffs": false,
        "code": true
      },
      "version": "7.0.1"
    },
    "marge": {
      "options": {
        "reportDir": "cypress/reports",
        "reportFilename": "report",
        "overwrite": false,
        "html": true,
        "json": true,
        "charts": true
      },
      "version": "6.0.1"
    }
  }
}